2023-01-18T17:36:13.570+05:00  INFO 8088 --- [main] com.example.DoniyorShifoApplication      : Starting DoniyorShifoApplication using Java 17.0.5 with PID 8088 (/home/javaDev/IdeaProjects/DoniyorShifo/target/classes started by javaDev in /home/javaDev/IdeaProjects/DoniyorShifo)
2023-01-18T17:36:13.614+05:00 DEBUG 8088 --- [main] com.example.DoniyorShifoApplication      : Running with Spring Boot v3.0.1, Spring v6.0.3
2023-01-18T17:36:13.616+05:00  INFO 8088 --- [main] com.example.DoniyorShifoApplication      : No active profile set, falling back to 1 default profile: "default"
2023-01-18T17:36:14.829+05:00  INFO 8088 --- [main] .s.d.r.c.RepositoryConfigurationDelegate : Bootstrapping Spring Data JPA repositories in DEFAULT mode.
2023-01-18T17:36:14.934+05:00  INFO 8088 --- [main] .s.d.r.c.RepositoryConfigurationDelegate : Finished Spring Data repository scanning in 97 ms. Found 11 JPA repository interfaces.
2023-01-18T17:36:15.607+05:00  INFO 8088 --- [main] o.s.b.w.embedded.tomcat.TomcatWebServer  : Tomcat initialized with port(s): 8080 (http)
2023-01-18T17:36:15.616+05:00  INFO 8088 --- [main] o.apache.catalina.core.StandardService   : Starting service [Tomcat]
2023-01-18T17:36:15.617+05:00  INFO 8088 --- [main] o.apache.catalina.core.StandardEngine    : Starting Servlet engine: [Apache Tomcat/10.1.4]
2023-01-18T17:36:15.702+05:00  INFO 8088 --- [main] o.a.c.c.C.[Tomcat].[localhost].[/]       : Initializing Spring embedded WebApplicationContext
2023-01-18T17:36:15.702+05:00  INFO 8088 --- [main] w.s.c.ServletWebServerApplicationContext : Root WebApplicationContext: initialization completed in 1983 ms
2023-01-18T17:36:15.857+05:00  INFO 8088 --- [main] o.hibernate.jpa.internal.util.LogHelper  : HHH000204: Processing PersistenceUnitInfo [name: default]
2023-01-18T17:36:15.915+05:00  INFO 8088 --- [main] org.hibernate.Version                    : HHH000412: Hibernate ORM core version 6.1.6.Final
2023-01-18T17:36:16.056+05:00  WARN 8088 --- [main] org.hibernate.orm.deprecation            : HHH90000021: Encountered deprecated setting [javax.persistence.sharedCache.mode], use [jakarta.persistence.sharedCache.mode] instead
2023-01-18T17:36:16.182+05:00  INFO 8088 --- [main] com.zaxxer.hikari.HikariDataSource       : HikariPool-1 - Starting...
2023-01-18T17:36:16.435+05:00  INFO 8088 --- [main] com.zaxxer.hikari.pool.HikariPool        : HikariPool-1 - Added connection org.postgresql.jdbc.PgConnection@39a7eca5
2023-01-18T17:36:16.437+05:00  INFO 8088 --- [main] com.zaxxer.hikari.HikariDataSource       : HikariPool-1 - Start completed.
2023-01-18T17:36:16.499+05:00  INFO 8088 --- [main] SQL dialect                              : HHH000400: Using dialect: org.hibernate.dialect.PostgreSQLDialect
2023-01-18T17:36:17.831+05:00  INFO 8088 --- [main] o.h.e.t.j.p.i.JtaPlatformInitiator       : HHH000490: Using JtaPlatform implementation: [org.hibernate.engine.transaction.jta.platform.internal.NoJtaPlatform]
2023-01-18T17:36:17.840+05:00  INFO 8088 --- [main] j.LocalContainerEntityManagerFactoryBean : Initialized JPA EntityManagerFactory for persistence unit 'default'
2023-01-18T17:36:18.209+05:00 DEBUG 8088 --- [main] com.example.config.JwtFilter             : Filter 'jwtFilter' configured for use
2023-01-18T17:36:19.038+05:00  WARN 8088 --- [main] JpaBaseConfiguration$JpaWebConfiguration : spring.jpa.open-in-view is enabled by default. Therefore, database queries may be performed during view rendering. Explicitly configure spring.jpa.open-in-view to disable this warning
2023-01-18T17:36:19.842+05:00  INFO 8088 --- [main] o.s.s.web.DefaultSecurityFilterChain     : Will secure any request with [org.springframework.security.web.session.DisableEncodeUrlFilter@285b63eb, org.springframework.security.web.context.request.async.WebAsyncManagerIntegrationFilter@5a983f8a, org.springframework.security.web.context.SecurityContextHolderFilter@696a6506, org.springframework.security.web.header.HeaderWriterFilter@6278371a, org.springframework.security.web.authentication.logout.LogoutFilter@10acfe30, com.example.config.JwtFilter@ecfff32, org.springframework.security.web.savedrequest.RequestCacheAwareFilter@2cbd855e, org.springframework.security.web.servletapi.SecurityContextHolderAwareRequestFilter@534c3b9d, org.springframework.security.web.authentication.AnonymousAuthenticationFilter@1fa8a4f7, org.springframework.security.web.session.SessionManagementFilter@3599b7e8, org.springframework.security.web.access.ExceptionTranslationFilter@6b61a4b0, org.springframework.security.web.access.intercept.AuthorizationFilter@59f56892]
2023-01-18T17:36:20.268+05:00  INFO 8088 --- [main] o.s.b.w.embedded.tomcat.TomcatWebServer  : Tomcat started on port(s): 8080 (http) with context path ''
2023-01-18T17:36:20.280+05:00  INFO 8088 --- [main] com.example.DoniyorShifoApplication      : Started DoniyorShifoApplication in 7.528 seconds (process running for 8.325)
2023-01-18T17:36:27.346+05:00  INFO 8088 --- [http-nio-8080-exec-1] o.a.c.c.C.[Tomcat].[localhost].[/]       : Initializing Spring DispatcherServlet 'dispatcherServlet'
2023-01-18T17:36:27.347+05:00  INFO 8088 --- [http-nio-8080-exec-1] o.s.web.servlet.DispatcherServlet        : Initializing Servlet 'dispatcherServlet'
2023-01-18T17:36:27.349+05:00  INFO 8088 --- [http-nio-8080-exec-1] o.s.web.servlet.DispatcherServlet        : Completed initialization in 2 ms
2023-01-18T17:36:27.952+05:00  WARN 8088 --- [http-nio-8080-exec-9] ocalVariableTableParameterNameDiscoverer : Using deprecated '-debug' fallback for parameter name resolution. Compile the affected code with '-parameters' instead or avoid its introspection: com.example.controller.ServicesDataController
2023-01-18T17:36:28.121+05:00  WARN 8088 --- [http-nio-8080-exec-9] ocalVariableTableParameterNameDiscoverer : Using deprecated '-debug' fallback for parameter name resolution. Compile the affected code with '-parameters' instead or avoid its introspection: com.example.controller.ServicesButtonController
2023-01-18T17:36:28.135+05:00  WARN 8088 --- [http-nio-8080-exec-9] ocalVariableTableParameterNameDiscoverer : Using deprecated '-debug' fallback for parameter name resolution. Compile the affected code with '-parameters' instead or avoid its introspection: com.example.controller.ServicesController
2023-01-18T17:36:28.147+05:00  WARN 8088 --- [http-nio-8080-exec-9] ocalVariableTableParameterNameDiscoverer : Using deprecated '-debug' fallback for parameter name resolution. Compile the affected code with '-parameters' instead or avoid its introspection: com.example.controller.NewsController
2023-01-18T17:36:28.178+05:00  WARN 8088 --- [http-nio-8080-exec-9] ocalVariableTableParameterNameDiscoverer : Using deprecated '-debug' fallback for parameter name resolution. Compile the affected code with '-parameters' instead or avoid its introspection: com.example.controller.DoctorTashkentController
2023-01-18T17:36:28.215+05:00  WARN 8088 --- [http-nio-8080-exec-9] ocalVariableTableParameterNameDiscoverer : Using deprecated '-debug' fallback for parameter name resolution. Compile the affected code with '-parameters' instead or avoid its introspection: com.example.controller.DoctorSirdaryaController
2023-01-18T17:36:28.234+05:00  WARN 8088 --- [http-nio-8080-exec-9] ocalVariableTableParameterNameDiscoverer : Using deprecated '-debug' fallback for parameter name resolution. Compile the affected code with '-parameters' instead or avoid its introspection: com.example.controller.AuthController
2023-01-18T17:36:28.280+05:00  WARN 8088 --- [http-nio-8080-exec-9] ocalVariableTableParameterNameDiscoverer : Using deprecated '-debug' fallback for parameter name resolution. Compile the affected code with '-parameters' instead or avoid its introspection: com.example.controller.ResumeController
2023-01-18T17:36:28.296+05:00  WARN 8088 --- [http-nio-8080-exec-9] ocalVariableTableParameterNameDiscoverer : Using deprecated '-debug' fallback for parameter name resolution. Compile the affected code with '-parameters' instead or avoid its introspection: com.example.controller.PatientController
2023-01-18T17:36:28.354+05:00  WARN 8088 --- [http-nio-8080-exec-9] ocalVariableTableParameterNameDiscoverer : Using deprecated '-debug' fallback for parameter name resolution. Compile the affected code with '-parameters' instead or avoid its introspection: com.example.controller.AttachController
2023-01-18T17:36:28.448+05:00  INFO 8088 --- [http-nio-8080-exec-9] o.springdoc.api.AbstractOpenApiResource  : Init duration for springdoc-openapi is: 563 ms
2023-01-18T17:37:14.113+05:00  INFO 8088 --- [SpringApplicationShutdownHook] j.LocalContainerEntityManagerFactoryBean : Closing JPA EntityManagerFactory for persistence unit 'default'
2023-01-18T17:37:14.120+05:00  INFO 8088 --- [SpringApplicationShutdownHook] com.zaxxer.hikari.HikariDataSource       : HikariPool-1 - Shutdown initiated...
2023-01-18T17:37:14.149+05:00  INFO 8088 --- [SpringApplicationShutdownHook] com.zaxxer.hikari.HikariDataSource       : HikariPool-1 - Shutdown completed.
2023-01-18T17:37:21.053+05:00  INFO 8461 --- [main] com.example.DoniyorShifoApplication      : Starting DoniyorShifoApplication using Java 17.0.5 with PID 8461 (/home/javaDev/IdeaProjects/DoniyorShifo/target/classes started by javaDev in /home/javaDev/IdeaProjects/DoniyorShifo)
2023-01-18T17:37:21.074+05:00 DEBUG 8461 --- [main] com.example.DoniyorShifoApplication      : Running with Spring Boot v3.0.1, Spring v6.0.3
2023-01-18T17:37:21.076+05:00  INFO 8461 --- [main] com.example.DoniyorShifoApplication      : No active profile set, falling back to 1 default profile: "default"
2023-01-18T17:37:22.491+05:00  INFO 8461 --- [main] .s.d.r.c.RepositoryConfigurationDelegate : Bootstrapping Spring Data JPA repositories in DEFAULT mode.
2023-01-18T17:37:22.634+05:00  INFO 8461 --- [main] .s.d.r.c.RepositoryConfigurationDelegate : Finished Spring Data repository scanning in 133 ms. Found 11 JPA repository interfaces.
2023-01-18T17:37:23.476+05:00  INFO 8461 --- [main] o.s.b.w.embedded.tomcat.TomcatWebServer  : Tomcat initialized with port(s): 8080 (http)
2023-01-18T17:37:23.487+05:00  INFO 8461 --- [main] o.apache.catalina.core.StandardService   : Starting service [Tomcat]
2023-01-18T17:37:23.487+05:00  INFO 8461 --- [main] o.apache.catalina.core.StandardEngine    : Starting Servlet engine: [Apache Tomcat/10.1.4]
2023-01-18T17:37:23.593+05:00  INFO 8461 --- [main] o.a.c.c.C.[Tomcat].[localhost].[/]       : Initializing Spring embedded WebApplicationContext
2023-01-18T17:37:23.594+05:00  INFO 8461 --- [main] w.s.c.ServletWebServerApplicationContext : Root WebApplicationContext: initialization completed in 2396 ms
2023-01-18T17:37:23.800+05:00  INFO 8461 --- [main] o.hibernate.jpa.internal.util.LogHelper  : HHH000204: Processing PersistenceUnitInfo [name: default]
2023-01-18T17:37:23.852+05:00  INFO 8461 --- [main] org.hibernate.Version                    : HHH000412: Hibernate ORM core version 6.1.6.Final
2023-01-18T17:37:24.060+05:00  WARN 8461 --- [main] org.hibernate.orm.deprecation            : HHH90000021: Encountered deprecated setting [javax.persistence.sharedCache.mode], use [jakarta.persistence.sharedCache.mode] instead
2023-01-18T17:37:24.202+05:00  INFO 8461 --- [main] com.zaxxer.hikari.HikariDataSource       : HikariPool-1 - Starting...
2023-01-18T17:37:24.520+05:00  INFO 8461 --- [main] com.zaxxer.hikari.pool.HikariPool        : HikariPool-1 - Added connection org.postgresql.jdbc.PgConnection@7e5e6573
2023-01-18T17:37:24.522+05:00  INFO 8461 --- [main] com.zaxxer.hikari.HikariDataSource       : HikariPool-1 - Start completed.
2023-01-18T17:37:24.577+05:00  INFO 8461 --- [main] SQL dialect                              : HHH000400: Using dialect: org.hibernate.dialect.PostgreSQLDialect
2023-01-18T17:37:26.086+05:00  INFO 8461 --- [main] o.h.e.t.j.p.i.JtaPlatformInitiator       : HHH000490: Using JtaPlatform implementation: [org.hibernate.engine.transaction.jta.platform.internal.NoJtaPlatform]
2023-01-18T17:37:26.101+05:00  INFO 8461 --- [main] j.LocalContainerEntityManagerFactoryBean : Initialized JPA EntityManagerFactory for persistence unit 'default'
2023-01-18T17:37:26.546+05:00 DEBUG 8461 --- [main] com.example.config.JwtFilter             : Filter 'jwtFilter' configured for use
2023-01-18T17:37:27.576+05:00  WARN 8461 --- [main] JpaBaseConfiguration$JpaWebConfiguration : spring.jpa.open-in-view is enabled by default. Therefore, database queries may be performed during view rendering. Explicitly configure spring.jpa.open-in-view to disable this warning
2023-01-18T17:37:28.665+05:00  INFO 8461 --- [main] o.s.s.web.DefaultSecurityFilterChain     : Will secure any request with [org.springframework.security.web.session.DisableEncodeUrlFilter@665c79a2, org.springframework.security.web.context.request.async.WebAsyncManagerIntegrationFilter@3e79473d, org.springframework.security.web.context.SecurityContextHolderFilter@1d2aa638, org.springframework.security.web.header.HeaderWriterFilter@665e18d5, org.springframework.security.web.authentication.logout.LogoutFilter@1ead6e20, com.example.config.JwtFilter@4a7ac98b, org.springframework.security.web.savedrequest.RequestCacheAwareFilter@67c1fc9b, org.springframework.security.web.servletapi.SecurityContextHolderAwareRequestFilter@50f65fe0, org.springframework.security.web.authentication.AnonymousAuthenticationFilter@2e895acb, org.springframework.security.web.session.SessionManagementFilter@534c3b9d, org.springframework.security.web.access.ExceptionTranslationFilter@138110f8, org.springframework.security.web.access.intercept.AuthorizationFilter@54c1878b]
2023-01-18T17:37:29.123+05:00  INFO 8461 --- [main] o.s.b.w.embedded.tomcat.TomcatWebServer  : Tomcat started on port(s): 8080 (http) with context path ''
2023-01-18T17:37:29.139+05:00  INFO 8461 --- [main] com.example.DoniyorShifoApplication      : Started DoniyorShifoApplication in 8.79 seconds (process running for 9.745)
2023-01-18T17:37:29.446+05:00  INFO 8461 --- [http-nio-8080-exec-1] o.a.c.c.C.[Tomcat].[localhost].[/]       : Initializing Spring DispatcherServlet 'dispatcherServlet'
2023-01-18T17:37:29.447+05:00  INFO 8461 --- [http-nio-8080-exec-1] o.s.web.servlet.DispatcherServlet        : Initializing Servlet 'dispatcherServlet'
2023-01-18T17:37:29.448+05:00  INFO 8461 --- [http-nio-8080-exec-1] o.s.web.servlet.DispatcherServlet        : Completed initialization in 1 ms
2023-01-18T17:37:30.115+05:00  WARN 8461 --- [http-nio-8080-exec-9] ocalVariableTableParameterNameDiscoverer : Using deprecated '-debug' fallback for parameter name resolution. Compile the affected code with '-parameters' instead or avoid its introspection: com.example.controller.ServicesDataController
2023-01-18T17:37:30.268+05:00  WARN 8461 --- [http-nio-8080-exec-9] ocalVariableTableParameterNameDiscoverer : Using deprecated '-debug' fallback for parameter name resolution. Compile the affected code with '-parameters' instead or avoid its introspection: com.example.controller.ServicesButtonController
2023-01-18T17:37:30.279+05:00  WARN 8461 --- [http-nio-8080-exec-9] ocalVariableTableParameterNameDiscoverer : Using deprecated '-debug' fallback for parameter name resolution. Compile the affected code with '-parameters' instead or avoid its introspection: com.example.controller.ServicesController
2023-01-18T17:37:30.287+05:00  WARN 8461 --- [http-nio-8080-exec-9] ocalVariableTableParameterNameDiscoverer : Using deprecated '-debug' fallback for parameter name resolution. Compile the affected code with '-parameters' instead or avoid its introspection: com.example.controller.NewsController
2023-01-18T17:37:30.316+05:00  WARN 8461 --- [http-nio-8080-exec-9] ocalVariableTableParameterNameDiscoverer : Using deprecated '-debug' fallback for parameter name resolution. Compile the affected code with '-parameters' instead or avoid its introspection: com.example.controller.DoctorTashkentController
2023-01-18T17:37:30.348+05:00  WARN 8461 --- [http-nio-8080-exec-9] ocalVariableTableParameterNameDiscoverer : Using deprecated '-debug' fallback for parameter name resolution. Compile the affected code with '-parameters' instead or avoid its introspection: com.example.controller.DoctorSirdaryaController
2023-01-18T17:37:30.385+05:00  WARN 8461 --- [http-nio-8080-exec-9] ocalVariableTableParameterNameDiscoverer : Using deprecated '-debug' fallback for parameter name resolution. Compile the affected code with '-parameters' instead or avoid its introspection: com.example.controller.AuthController
2023-01-18T17:37:30.425+05:00  WARN 8461 --- [http-nio-8080-exec-9] ocalVariableTableParameterNameDiscoverer : Using deprecated '-debug' fallback for parameter name resolution. Compile the affected code with '-parameters' instead or avoid its introspection: com.example.controller.ResumeController
2023-01-18T17:37:30.437+05:00  WARN 8461 --- [http-nio-8080-exec-9] ocalVariableTableParameterNameDiscoverer : Using deprecated '-debug' fallback for parameter name resolution. Compile the affected code with '-parameters' instead or avoid its introspection: com.example.controller.PatientController
2023-01-18T17:37:30.490+05:00  WARN 8461 --- [http-nio-8080-exec-9] ocalVariableTableParameterNameDiscoverer : Using deprecated '-debug' fallback for parameter name resolution. Compile the affected code with '-parameters' instead or avoid its introspection: com.example.controller.AttachController
2023-01-18T17:37:30.493+05:00  WARN 8461 --- [http-nio-8080-exec-9] ocalVariableTableParameterNameDiscoverer : Using deprecated '-debug' fallback for parameter name resolution. Compile the affected code with '-parameters' instead or avoid its introspection: com.example.controller.TestController
2023-01-18T17:37:30.585+05:00  INFO 8461 --- [http-nio-8080-exec-9] o.springdoc.api.AbstractOpenApiResource  : Init duration for springdoc-openapi is: 529 ms
2023-01-18T17:38:32.727+05:00  INFO 8461 --- [SpringApplicationShutdownHook] j.LocalContainerEntityManagerFactoryBean : Closing JPA EntityManagerFactory for persistence unit 'default'
2023-01-18T17:38:32.731+05:00  INFO 8461 --- [SpringApplicationShutdownHook] com.zaxxer.hikari.HikariDataSource       : HikariPool-1 - Shutdown initiated...
2023-01-18T17:38:32.747+05:00  INFO 8461 --- [SpringApplicationShutdownHook] com.zaxxer.hikari.HikariDataSource       : HikariPool-1 - Shutdown completed.
2023-01-18T17:38:39.588+05:00  INFO 8992 --- [main] com.example.DoniyorShifoApplication      : Starting DoniyorShifoApplication using Java 17.0.5 with PID 8992 (/home/javaDev/IdeaProjects/DoniyorShifo/target/classes started by javaDev in /home/javaDev/IdeaProjects/DoniyorShifo)
2023-01-18T17:38:39.611+05:00 DEBUG 8992 --- [main] com.example.DoniyorShifoApplication      : Running with Spring Boot v3.0.1, Spring v6.0.3
2023-01-18T17:38:39.613+05:00  INFO 8992 --- [main] com.example.DoniyorShifoApplication      : No active profile set, falling back to 1 default profile: "default"
2023-01-18T17:38:41.043+05:00  INFO 8992 --- [main] .s.d.r.c.RepositoryConfigurationDelegate : Bootstrapping Spring Data JPA repositories in DEFAULT mode.
2023-01-18T17:38:41.153+05:00  INFO 8992 --- [main] .s.d.r.c.RepositoryConfigurationDelegate : Finished Spring Data repository scanning in 100 ms. Found 11 JPA repository interfaces.
2023-01-18T17:38:41.947+05:00  INFO 8992 --- [main] o.s.b.w.embedded.tomcat.TomcatWebServer  : Tomcat initialized with port(s): 8080 (http)
2023-01-18T17:38:41.957+05:00  INFO 8992 --- [main] o.apache.catalina.core.StandardService   : Starting service [Tomcat]
2023-01-18T17:38:41.958+05:00  INFO 8992 --- [main] o.apache.catalina.core.StandardEngine    : Starting Servlet engine: [Apache Tomcat/10.1.4]
2023-01-18T17:38:42.051+05:00  INFO 8992 --- [main] o.a.c.c.C.[Tomcat].[localhost].[/]       : Initializing Spring embedded WebApplicationContext
2023-01-18T17:38:42.051+05:00  INFO 8992 --- [main] w.s.c.ServletWebServerApplicationContext : Root WebApplicationContext: initialization completed in 2342 ms
2023-01-18T17:38:42.241+05:00  INFO 8992 --- [main] o.hibernate.jpa.internal.util.LogHelper  : HHH000204: Processing PersistenceUnitInfo [name: default]
2023-01-18T17:38:42.308+05:00  INFO 8992 --- [main] org.hibernate.Version                    : HHH000412: Hibernate ORM core version 6.1.6.Final
2023-01-18T17:38:42.494+05:00  WARN 8992 --- [main] org.hibernate.orm.deprecation            : HHH90000021: Encountered deprecated setting [javax.persistence.sharedCache.mode], use [jakarta.persistence.sharedCache.mode] instead
2023-01-18T17:38:42.627+05:00  INFO 8992 --- [main] com.zaxxer.hikari.HikariDataSource       : HikariPool-1 - Starting...
2023-01-18T17:38:42.981+05:00  INFO 8992 --- [main] com.zaxxer.hikari.pool.HikariPool        : HikariPool-1 - Added connection org.postgresql.jdbc.PgConnection@8bc0696
2023-01-18T17:38:42.985+05:00  INFO 8992 --- [main] com.zaxxer.hikari.HikariDataSource       : HikariPool-1 - Start completed.
2023-01-18T17:38:43.052+05:00  INFO 8992 --- [main] SQL dialect                              : HHH000400: Using dialect: org.hibernate.dialect.PostgreSQLDialect
2023-01-18T17:38:44.910+05:00  INFO 8992 --- [main] o.h.e.t.j.p.i.JtaPlatformInitiator       : HHH000490: Using JtaPlatform implementation: [org.hibernate.engine.transaction.jta.platform.internal.NoJtaPlatform]
2023-01-18T17:38:44.925+05:00  INFO 8992 --- [main] j.LocalContainerEntityManagerFactoryBean : Initialized JPA EntityManagerFactory for persistence unit 'default'
2023-01-18T17:38:45.413+05:00 DEBUG 8992 --- [main] com.example.config.JwtFilter             : Filter 'jwtFilter' configured for use
2023-01-18T17:38:46.496+05:00  WARN 8992 --- [main] JpaBaseConfiguration$JpaWebConfiguration : spring.jpa.open-in-view is enabled by default. Therefore, database queries may be performed during view rendering. Explicitly configure spring.jpa.open-in-view to disable this warning
2023-01-18T17:38:47.607+05:00  INFO 8992 --- [main] o.s.s.web.DefaultSecurityFilterChain     : Will secure any request with [org.springframework.security.web.session.DisableEncodeUrlFilter@2e4262d2, org.springframework.security.web.context.request.async.WebAsyncManagerIntegrationFilter@546ca9da, org.springframework.security.web.context.SecurityContextHolderFilter@2044f708, org.springframework.security.web.header.HeaderWriterFilter@696a6506, org.springframework.security.web.authentication.logout.LogoutFilter@3c89fdd8, com.example.config.JwtFilter@f6e3b67, org.springframework.security.web.savedrequest.RequestCacheAwareFilter@18bab95b, org.springframework.security.web.servletapi.SecurityContextHolderAwareRequestFilter@70e07ef8, org.springframework.security.web.authentication.AnonymousAuthenticationFilter@257e8c43, org.springframework.security.web.session.SessionManagementFilter@183e64a8, org.springframework.security.web.access.ExceptionTranslationFilter@2862bac6, org.springframework.security.web.access.intercept.AuthorizationFilter@48064a5a]
2023-01-18T17:38:48.072+05:00  INFO 8992 --- [main] o.s.b.w.embedded.tomcat.TomcatWebServer  : Tomcat started on port(s): 8080 (http) with context path ''
2023-01-18T17:38:48.097+05:00  INFO 8992 --- [main] com.example.DoniyorShifoApplication      : Started DoniyorShifoApplication in 9.258 seconds (process running for 10.157)
2023-01-18T17:39:18.460+05:00  INFO 8992 --- [http-nio-8080-exec-1] o.a.c.c.C.[Tomcat].[localhost].[/]       : Initializing Spring DispatcherServlet 'dispatcherServlet'
2023-01-18T17:39:18.461+05:00  INFO 8992 --- [http-nio-8080-exec-1] o.s.web.servlet.DispatcherServlet        : Initializing Servlet 'dispatcherServlet'
2023-01-18T17:39:18.463+05:00  INFO 8992 --- [http-nio-8080-exec-1] o.s.web.servlet.DispatcherServlet        : Completed initialization in 2 ms
2023-01-18T17:39:21.903+05:00  WARN 8992 --- [http-nio-8080-exec-10] ocalVariableTableParameterNameDiscoverer : Using deprecated '-debug' fallback for parameter name resolution. Compile the affected code with '-parameters' instead or avoid its introspection: com.example.controller.ServicesDataController
2023-01-18T17:39:22.077+05:00  WARN 8992 --- [http-nio-8080-exec-10] ocalVariableTableParameterNameDiscoverer : Using deprecated '-debug' fallback for parameter name resolution. Compile the affected code with '-parameters' instead or avoid its introspection: com.example.controller.ServicesButtonController
2023-01-18T17:39:22.090+05:00  WARN 8992 --- [http-nio-8080-exec-10] ocalVariableTableParameterNameDiscoverer : Using deprecated '-debug' fallback for parameter name resolution. Compile the affected code with '-parameters' instead or avoid its introspection: com.example.controller.ServicesController
2023-01-18T17:39:22.100+05:00  WARN 8992 --- [http-nio-8080-exec-10] ocalVariableTableParameterNameDiscoverer : Using deprecated '-debug' fallback for parameter name resolution. Compile the affected code with '-parameters' instead or avoid its introspection: com.example.controller.NewsController
2023-01-18T17:39:22.137+05:00  WARN 8992 --- [http-nio-8080-exec-10] ocalVariableTableParameterNameDiscoverer : Using deprecated '-debug' fallback for parameter name resolution. Compile the affected code with '-parameters' instead or avoid its introspection: com.example.controller.DoctorTashkentController
2023-01-18T17:39:22.171+05:00  WARN 8992 --- [http-nio-8080-exec-10] ocalVariableTableParameterNameDiscoverer : Using deprecated '-debug' fallback for parameter name resolution. Compile the affected code with '-parameters' instead or avoid its introspection: com.example.controller.DoctorSirdaryaController
2023-01-18T17:39:22.189+05:00  WARN 8992 --- [http-nio-8080-exec-10] ocalVariableTableParameterNameDiscoverer : Using deprecated '-debug' fallback for parameter name resolution. Compile the affected code with '-parameters' instead or avoid its introspection: com.example.controller.AuthController
2023-01-18T17:39:22.229+05:00  WARN 8992 --- [http-nio-8080-exec-10] ocalVariableTableParameterNameDiscoverer : Using deprecated '-debug' fallback for parameter name resolution. Compile the affected code with '-parameters' instead or avoid its introspection: com.example.controller.ResumeController
2023-01-18T17:39:22.246+05:00  WARN 8992 --- [http-nio-8080-exec-10] ocalVariableTableParameterNameDiscoverer : Using deprecated '-debug' fallback for parameter name resolution. Compile the affected code with '-parameters' instead or avoid its introspection: com.example.controller.PatientController
2023-01-18T17:39:22.315+05:00  WARN 8992 --- [http-nio-8080-exec-10] ocalVariableTableParameterNameDiscoverer : Using deprecated '-debug' fallback for parameter name resolution. Compile the affected code with '-parameters' instead or avoid its introspection: com.example.controller.AttachController
2023-01-18T17:39:22.319+05:00  WARN 8992 --- [http-nio-8080-exec-10] ocalVariableTableParameterNameDiscoverer : Using deprecated '-debug' fallback for parameter name resolution. Compile the affected code with '-parameters' instead or avoid its introspection: com.example.controller.TestController
2023-01-18T17:39:22.423+05:00  INFO 8992 --- [http-nio-8080-exec-10] o.springdoc.api.AbstractOpenApiResource  : Init duration for springdoc-openapi is: 583 ms
2023-01-18T17:40:37.968+05:00  INFO 8992 --- [SpringApplicationShutdownHook] j.LocalContainerEntityManagerFactoryBean : Closing JPA EntityManagerFactory for persistence unit 'default'
2023-01-18T17:40:37.971+05:00  INFO 8992 --- [SpringApplicationShutdownHook] com.zaxxer.hikari.HikariDataSource       : HikariPool-1 - Shutdown initiated...
2023-01-18T17:40:37.996+05:00  INFO 8992 --- [SpringApplicationShutdownHook] com.zaxxer.hikari.HikariDataSource       : HikariPool-1 - Shutdown completed.
2023-01-18T17:40:45.582+05:00  INFO 9755 --- [main] com.example.DoniyorShifoApplication      : Starting DoniyorShifoApplication using Java 17.0.5 with PID 9755 (/home/javaDev/IdeaProjects/DoniyorShifo/target/classes started by javaDev in /home/javaDev/IdeaProjects/DoniyorShifo)
2023-01-18T17:40:45.607+05:00 DEBUG 9755 --- [main] com.example.DoniyorShifoApplication      : Running with Spring Boot v3.0.1, Spring v6.0.3
2023-01-18T17:40:45.609+05:00  INFO 9755 --- [main] com.example.DoniyorShifoApplication      : No active profile set, falling back to 1 default profile: "default"
2023-01-18T17:40:47.217+05:00  INFO 9755 --- [main] .s.d.r.c.RepositoryConfigurationDelegate : Bootstrapping Spring Data JPA repositories in DEFAULT mode.
2023-01-18T17:40:47.350+05:00  INFO 9755 --- [main] .s.d.r.c.RepositoryConfigurationDelegate : Finished Spring Data repository scanning in 124 ms. Found 11 JPA repository interfaces.
2023-01-18T17:40:48.262+05:00  INFO 9755 --- [main] o.s.b.w.embedded.tomcat.TomcatWebServer  : Tomcat initialized with port(s): 8080 (http)
2023-01-18T17:40:48.277+05:00  INFO 9755 --- [main] o.apache.catalina.core.StandardService   : Starting service [Tomcat]
2023-01-18T17:40:48.278+05:00  INFO 9755 --- [main] o.apache.catalina.core.StandardEngine    : Starting Servlet engine: [Apache Tomcat/10.1.4]
2023-01-18T17:40:48.397+05:00  INFO 9755 --- [main] o.a.c.c.C.[Tomcat].[localhost].[/]       : Initializing Spring embedded WebApplicationContext
2023-01-18T17:40:48.398+05:00  INFO 9755 --- [main] w.s.c.ServletWebServerApplicationContext : Root WebApplicationContext: initialization completed in 2628 ms
2023-01-18T17:40:48.621+05:00  INFO 9755 --- [main] o.hibernate.jpa.internal.util.LogHelper  : HHH000204: Processing PersistenceUnitInfo [name: default]
2023-01-18T17:40:48.688+05:00  INFO 9755 --- [main] org.hibernate.Version                    : HHH000412: Hibernate ORM core version 6.1.6.Final
2023-01-18T17:40:48.900+05:00  WARN 9755 --- [main] org.hibernate.orm.deprecation            : HHH90000021: Encountered deprecated setting [javax.persistence.sharedCache.mode], use [jakarta.persistence.sharedCache.mode] instead
2023-01-18T17:40:49.089+05:00  INFO 9755 --- [main] com.zaxxer.hikari.HikariDataSource       : HikariPool-1 - Starting...
2023-01-18T17:40:49.492+05:00  INFO 9755 --- [main] com.zaxxer.hikari.pool.HikariPool        : HikariPool-1 - Added connection org.postgresql.jdbc.PgConnection@7e5e6573
2023-01-18T17:40:49.495+05:00  INFO 9755 --- [main] com.zaxxer.hikari.HikariDataSource       : HikariPool-1 - Start completed.
2023-01-18T17:40:49.566+05:00  INFO 9755 --- [main] SQL dialect                              : HHH000400: Using dialect: org.hibernate.dialect.PostgreSQLDialect
2023-01-18T17:40:51.273+05:00  INFO 9755 --- [main] o.h.e.t.j.p.i.JtaPlatformInitiator       : HHH000490: Using JtaPlatform implementation: [org.hibernate.engine.transaction.jta.platform.internal.NoJtaPlatform]
2023-01-18T17:40:51.286+05:00  INFO 9755 --- [main] j.LocalContainerEntityManagerFactoryBean : Initialized JPA EntityManagerFactory for persistence unit 'default'
2023-01-18T17:40:51.782+05:00 DEBUG 9755 --- [main] com.example.config.JwtFilter             : Filter 'jwtFilter' configured for use
2023-01-18T17:40:53.102+05:00  WARN 9755 --- [main] JpaBaseConfiguration$JpaWebConfiguration : spring.jpa.open-in-view is enabled by default. Therefore, database queries may be performed during view rendering. Explicitly configure spring.jpa.open-in-view to disable this warning
2023-01-18T17:40:54.456+05:00  INFO 9755 --- [main] o.s.s.web.DefaultSecurityFilterChain     : Will secure any request with [org.springframework.security.web.session.DisableEncodeUrlFilter@665c79a2, org.springframework.security.web.context.request.async.WebAsyncManagerIntegrationFilter@3e79473d, org.springframework.security.web.context.SecurityContextHolderFilter@1d2aa638, org.springframework.security.web.header.HeaderWriterFilter@665e18d5, org.springframework.security.web.authentication.logout.LogoutFilter@1ead6e20, com.example.config.JwtFilter@4a7ac98b, org.springframework.security.web.savedrequest.RequestCacheAwareFilter@67c1fc9b, org.springframework.security.web.servletapi.SecurityContextHolderAwareRequestFilter@50f65fe0, org.springframework.security.web.authentication.AnonymousAuthenticationFilter@2e895acb, org.springframework.security.web.session.SessionManagementFilter@534c3b9d, org.springframework.security.web.access.ExceptionTranslationFilter@138110f8, org.springframework.security.web.access.intercept.AuthorizationFilter@54c1878b]
2023-01-18T17:40:55.002+05:00  INFO 9755 --- [main] o.s.b.w.embedded.tomcat.TomcatWebServer  : Tomcat started on port(s): 8080 (http) with context path ''
2023-01-18T17:40:55.021+05:00  INFO 9755 --- [main] com.example.DoniyorShifoApplication      : Started DoniyorShifoApplication in 10.231 seconds (process running for 11.225)
2023-01-18T17:40:55.444+05:00  INFO 9755 --- [http-nio-8080-exec-1] o.a.c.c.C.[Tomcat].[localhost].[/]       : Initializing Spring DispatcherServlet 'dispatcherServlet'
2023-01-18T17:40:55.444+05:00  INFO 9755 --- [http-nio-8080-exec-1] o.s.web.servlet.DispatcherServlet        : Initializing Servlet 'dispatcherServlet'
2023-01-18T17:40:55.446+05:00  INFO 9755 --- [http-nio-8080-exec-1] o.s.web.servlet.DispatcherServlet        : Completed initialization in 2 ms
2023-01-18T17:40:56.254+05:00  WARN 9755 --- [http-nio-8080-exec-9] ocalVariableTableParameterNameDiscoverer : Using deprecated '-debug' fallback for parameter name resolution. Compile the affected code with '-parameters' instead or avoid its introspection: com.example.controller.ServicesDataController
2023-01-18T17:40:56.433+05:00  WARN 9755 --- [http-nio-8080-exec-9] ocalVariableTableParameterNameDiscoverer : Using deprecated '-debug' fallback for parameter name resolution. Compile the affected code with '-parameters' instead or avoid its introspection: com.example.controller.ServicesButtonController
2023-01-18T17:40:56.446+05:00  WARN 9755 --- [http-nio-8080-exec-9] ocalVariableTableParameterNameDiscoverer : Using deprecated '-debug' fallback for parameter name resolution. Compile the affected code with '-parameters' instead or avoid its introspection: com.example.controller.ServicesController
2023-01-18T17:40:56.459+05:00  WARN 9755 --- [http-nio-8080-exec-9] ocalVariableTableParameterNameDiscoverer : Using deprecated '-debug' fallback for parameter name resolution. Compile the affected code with '-parameters' instead or avoid its introspection: com.example.controller.NewsController
2023-01-18T17:40:56.491+05:00  WARN 9755 --- [http-nio-8080-exec-9] ocalVariableTableParameterNameDiscoverer : Using deprecated '-debug' fallback for parameter name resolution. Compile the affected code with '-parameters' instead or avoid its introspection: com.example.controller.DoctorTashkentController
2023-01-18T17:40:56.518+05:00  WARN 9755 --- [http-nio-8080-exec-9] ocalVariableTableParameterNameDiscoverer : Using deprecated '-debug' fallback for parameter name resolution. Compile the affected code with '-parameters' instead or avoid its introspection: com.example.controller.DoctorSirdaryaController
2023-01-18T17:40:56.536+05:00  WARN 9755 --- [http-nio-8080-exec-9] ocalVariableTableParameterNameDiscoverer : Using deprecated '-debug' fallback for parameter name resolution. Compile the affected code with '-parameters' instead or avoid its introspection: com.example.controller.AuthController
2023-01-18T17:40:56.582+05:00  WARN 9755 --- [http-nio-8080-exec-9] ocalVariableTableParameterNameDiscoverer : Using deprecated '-debug' fallback for parameter name resolution. Compile the affected code with '-parameters' instead or avoid its introspection: com.example.controller.ResumeController
2023-01-18T17:40:56.598+05:00  WARN 9755 --- [http-nio-8080-exec-9] ocalVariableTableParameterNameDiscoverer : Using deprecated '-debug' fallback for parameter name resolution. Compile the affected code with '-parameters' instead or avoid its introspection: com.example.controller.PatientController
2023-01-18T17:40:56.662+05:00  WARN 9755 --- [http-nio-8080-exec-9] ocalVariableTableParameterNameDiscoverer : Using deprecated '-debug' fallback for parameter name resolution. Compile the affected code with '-parameters' instead or avoid its introspection: com.example.controller.AttachController
2023-01-18T17:40:56.670+05:00  WARN 9755 --- [http-nio-8080-exec-9] ocalVariableTableParameterNameDiscoverer : Using deprecated '-debug' fallback for parameter name resolution. Compile the affected code with '-parameters' instead or avoid its introspection: com.example.controller.TestController
2023-01-18T17:40:56.774+05:00  INFO 9755 --- [http-nio-8080-exec-9] o.springdoc.api.AbstractOpenApiResource  : Init duration for springdoc-openapi is: 598 ms
2023-01-18T17:42:10.042+05:00  INFO 9755 --- [SpringApplicationShutdownHook] j.LocalContainerEntityManagerFactoryBean : Closing JPA EntityManagerFactory for persistence unit 'default'
2023-01-18T17:42:10.044+05:00  INFO 9755 --- [SpringApplicationShutdownHook] com.zaxxer.hikari.HikariDataSource       : HikariPool-1 - Shutdown initiated...
2023-01-18T17:42:10.062+05:00  INFO 9755 --- [SpringApplicationShutdownHook] com.zaxxer.hikari.HikariDataSource       : HikariPool-1 - Shutdown completed.
2023-01-18T17:42:16.551+05:00  INFO 11084 --- [main] com.example.DoniyorShifoApplication      : Starting DoniyorShifoApplication using Java 17.0.5 with PID 11084 (/home/javaDev/IdeaProjects/DoniyorShifo/target/classes started by javaDev in /home/javaDev/IdeaProjects/DoniyorShifo)
2023-01-18T17:42:16.572+05:00 DEBUG 11084 --- [main] com.example.DoniyorShifoApplication      : Running with Spring Boot v3.0.1, Spring v6.0.3
2023-01-18T17:42:16.573+05:00  INFO 11084 --- [main] com.example.DoniyorShifoApplication      : No active profile set, falling back to 1 default profile: "default"
2023-01-18T17:42:17.982+05:00  INFO 11084 --- [main] .s.d.r.c.RepositoryConfigurationDelegate : Bootstrapping Spring Data JPA repositories in DEFAULT mode.
2023-01-18T17:42:18.115+05:00  INFO 11084 --- [main] .s.d.r.c.RepositoryConfigurationDelegate : Finished Spring Data repository scanning in 124 ms. Found 11 JPA repository interfaces.
2023-01-18T17:42:18.783+05:00  INFO 11084 --- [main] o.s.b.w.embedded.tomcat.TomcatWebServer  : Tomcat initialized with port(s): 8080 (http)
2023-01-18T17:42:18.794+05:00  INFO 11084 --- [main] o.apache.catalina.core.StandardService   : Starting service [Tomcat]
2023-01-18T17:42:18.795+05:00  INFO 11084 --- [main] o.apache.catalina.core.StandardEngine    : Starting Servlet engine: [Apache Tomcat/10.1.4]
2023-01-18T17:42:18.895+05:00  INFO 11084 --- [main] o.a.c.c.C.[Tomcat].[localhost].[/]       : Initializing Spring embedded WebApplicationContext
2023-01-18T17:42:18.895+05:00  INFO 11084 --- [main] w.s.c.ServletWebServerApplicationContext : Root WebApplicationContext: initialization completed in 2187 ms
2023-01-18T17:42:19.040+05:00  INFO 11084 --- [main] o.hibernate.jpa.internal.util.LogHelper  : HHH000204: Processing PersistenceUnitInfo [name: default]
2023-01-18T17:42:19.086+05:00  INFO 11084 --- [main] org.hibernate.Version                    : HHH000412: Hibernate ORM core version 6.1.6.Final
2023-01-18T17:42:19.227+05:00  WARN 11084 --- [main] org.hibernate.orm.deprecation            : HHH90000021: Encountered deprecated setting [javax.persistence.sharedCache.mode], use [jakarta.persistence.sharedCache.mode] instead
2023-01-18T17:42:19.366+05:00  INFO 11084 --- [main] com.zaxxer.hikari.HikariDataSource       : HikariPool-1 - Starting...
2023-01-18T17:42:19.602+05:00  INFO 11084 --- [main] com.zaxxer.hikari.pool.HikariPool        : HikariPool-1 - Added connection org.postgresql.jdbc.PgConnection@3005623b
2023-01-18T17:42:19.604+05:00  INFO 11084 --- [main] com.zaxxer.hikari.HikariDataSource       : HikariPool-1 - Start completed.
2023-01-18T17:42:19.651+05:00  INFO 11084 --- [main] SQL dialect                              : HHH000400: Using dialect: org.hibernate.dialect.PostgreSQLDialect
2023-01-18T17:42:20.893+05:00  INFO 11084 --- [main] o.h.e.t.j.p.i.JtaPlatformInitiator       : HHH000490: Using JtaPlatform implementation: [org.hibernate.engine.transaction.jta.platform.internal.NoJtaPlatform]
2023-01-18T17:42:20.902+05:00  INFO 11084 --- [main] j.LocalContainerEntityManagerFactoryBean : Initialized JPA EntityManagerFactory for persistence unit 'default'
2023-01-18T17:42:21.259+05:00 DEBUG 11084 --- [main] com.example.config.JwtFilter             : Filter 'jwtFilter' configured for use
2023-01-18T17:42:22.061+05:00  WARN 11084 --- [main] JpaBaseConfiguration$JpaWebConfiguration : spring.jpa.open-in-view is enabled by default. Therefore, database queries may be performed during view rendering. Explicitly configure spring.jpa.open-in-view to disable this warning
2023-01-18T17:42:22.966+05:00  INFO 11084 --- [main] o.s.s.web.DefaultSecurityFilterChain     : Will secure any request with [org.springframework.security.web.session.DisableEncodeUrlFilter@3e79473d, org.springframework.security.web.context.request.async.WebAsyncManagerIntegrationFilter@2e895acb, org.springframework.security.web.context.SecurityContextHolderFilter@2f08e6d3, org.springframework.security.web.header.HeaderWriterFilter@4795876e, org.springframework.security.web.authentication.logout.LogoutFilter@59f56892, com.example.config.JwtFilter@35e3f3b8, org.springframework.security.web.savedrequest.RequestCacheAwareFilter@50f65fe0, org.springframework.security.web.servletapi.SecurityContextHolderAwareRequestFilter@18a538a0, org.springframework.security.web.authentication.AnonymousAuthenticationFilter@5d1d05ff, org.springframework.security.web.session.SessionManagementFilter@69b436a7, org.springframework.security.web.access.ExceptionTranslationFilter@4fe8ac61, org.springframework.security.web.access.intercept.AuthorizationFilter@27f6e2c3]
2023-01-18T17:42:23.377+05:00  INFO 11084 --- [main] o.s.b.w.embedded.tomcat.TomcatWebServer  : Tomcat started on port(s): 8080 (http) with context path ''
2023-01-18T17:42:23.393+05:00  INFO 11084 --- [main] com.example.DoniyorShifoApplication      : Started DoniyorShifoApplication in 7.682 seconds (process running for 8.506)
2023-01-18T17:43:03.787+05:00  INFO 11084 --- [http-nio-8080-exec-1] o.a.c.c.C.[Tomcat].[localhost].[/]       : Initializing Spring DispatcherServlet 'dispatcherServlet'
2023-01-18T17:43:03.787+05:00  INFO 11084 --- [http-nio-8080-exec-1] o.s.web.servlet.DispatcherServlet        : Initializing Servlet 'dispatcherServlet'
2023-01-18T17:43:03.789+05:00  INFO 11084 --- [http-nio-8080-exec-1] o.s.web.servlet.DispatcherServlet        : Completed initialization in 2 ms
2023-01-18T17:43:10.534+05:00  WARN 11084 --- [http-nio-8080-exec-10] ocalVariableTableParameterNameDiscoverer : Using deprecated '-debug' fallback for parameter name resolution. Compile the affected code with '-parameters' instead or avoid its introspection: com.example.controller.ServicesDataController
2023-01-18T17:43:10.704+05:00  WARN 11084 --- [http-nio-8080-exec-10] ocalVariableTableParameterNameDiscoverer : Using deprecated '-debug' fallback for parameter name resolution. Compile the affected code with '-parameters' instead or avoid its introspection: com.example.controller.ServicesButtonController
2023-01-18T17:43:10.716+05:00  WARN 11084 --- [http-nio-8080-exec-10] ocalVariableTableParameterNameDiscoverer : Using deprecated '-debug' fallback for parameter name resolution. Compile the affected code with '-parameters' instead or avoid its introspection: com.example.controller.ServicesController
2023-01-18T17:43:10.726+05:00  WARN 11084 --- [http-nio-8080-exec-10] ocalVariableTableParameterNameDiscoverer : Using deprecated '-debug' fallback for parameter name resolution. Compile the affected code with '-parameters' instead or avoid its introspection: com.example.controller.NewsController
2023-01-18T17:43:10.757+05:00  WARN 11084 --- [http-nio-8080-exec-10] ocalVariableTableParameterNameDiscoverer : Using deprecated '-debug' fallback for parameter name resolution. Compile the affected code with '-parameters' instead or avoid its introspection: com.example.controller.DoctorTashkentController
2023-01-18T17:43:10.787+05:00  WARN 11084 --- [http-nio-8080-exec-10] ocalVariableTableParameterNameDiscoverer : Using deprecated '-debug' fallback for parameter name resolution. Compile the affected code with '-parameters' instead or avoid its introspection: com.example.controller.DoctorSirdaryaController
2023-01-18T17:43:10.805+05:00  WARN 11084 --- [http-nio-8080-exec-10] ocalVariableTableParameterNameDiscoverer : Using deprecated '-debug' fallback for parameter name resolution. Compile the affected code with '-parameters' instead or avoid its introspection: com.example.controller.AuthController
2023-01-18T17:43:10.844+05:00  WARN 11084 --- [http-nio-8080-exec-10] ocalVariableTableParameterNameDiscoverer : Using deprecated '-debug' fallback for parameter name resolution. Compile the affected code with '-parameters' instead or avoid its introspection: com.example.controller.ResumeController
2023-01-18T17:43:10.859+05:00  WARN 11084 --- [http-nio-8080-exec-10] ocalVariableTableParameterNameDiscoverer : Using deprecated '-debug' fallback for parameter name resolution. Compile the affected code with '-parameters' instead or avoid its introspection: com.example.controller.PatientController
2023-01-18T17:43:10.913+05:00  WARN 11084 --- [http-nio-8080-exec-10] ocalVariableTableParameterNameDiscoverer : Using deprecated '-debug' fallback for parameter name resolution. Compile the affected code with '-parameters' instead or avoid its introspection: com.example.controller.AttachController
2023-01-18T17:43:10.916+05:00  WARN 11084 --- [http-nio-8080-exec-10] ocalVariableTableParameterNameDiscoverer : Using deprecated '-debug' fallback for parameter name resolution. Compile the affected code with '-parameters' instead or avoid its introspection: com.example.controller.TestController
2023-01-18T17:43:11.010+05:00  INFO 11084 --- [http-nio-8080-exec-10] o.springdoc.api.AbstractOpenApiResource  : Init duration for springdoc-openapi is: 540 ms
2023-01-18T17:43:46.047+05:00  INFO 11084 --- [SpringApplicationShutdownHook] o.apache.catalina.core.StandardService   : Stopping service [Tomcat]
2023-01-18T17:43:46.067+05:00  INFO 11084 --- [SpringApplicationShutdownHook] j.LocalContainerEntityManagerFactoryBean : Closing JPA EntityManagerFactory for persistence unit 'default'
2023-01-18T17:43:46.070+05:00  INFO 11084 --- [SpringApplicationShutdownHook] com.zaxxer.hikari.HikariDataSource       : HikariPool-1 - Shutdown initiated...
2023-01-18T17:43:46.088+05:00  INFO 11084 --- [SpringApplicationShutdownHook] com.zaxxer.hikari.HikariDataSource       : HikariPool-1 - Shutdown completed.
2023-01-18T17:43:52.314+05:00  INFO 11456 --- [main] com.example.DoniyorShifoApplication      : Starting DoniyorShifoApplication using Java 17.0.5 with PID 11456 (/home/javaDev/IdeaProjects/DoniyorShifo/target/classes started by javaDev in /home/javaDev/IdeaProjects/DoniyorShifo)
2023-01-18T17:43:52.339+05:00 DEBUG 11456 --- [main] com.example.DoniyorShifoApplication      : Running with Spring Boot v3.0.1, Spring v6.0.3
2023-01-18T17:43:52.341+05:00  INFO 11456 --- [main] com.example.DoniyorShifoApplication      : No active profile set, falling back to 1 default profile: "default"
2023-01-18T17:43:53.530+05:00  INFO 11456 --- [main] .s.d.r.c.RepositoryConfigurationDelegate : Bootstrapping Spring Data JPA repositories in DEFAULT mode.
2023-01-18T17:43:53.631+05:00  INFO 11456 --- [main] .s.d.r.c.RepositoryConfigurationDelegate : Finished Spring Data repository scanning in 93 ms. Found 11 JPA repository interfaces.
2023-01-18T17:43:54.283+05:00  INFO 11456 --- [main] o.s.b.w.embedded.tomcat.TomcatWebServer  : Tomcat initialized with port(s): 8080 (http)
2023-01-18T17:43:54.293+05:00  INFO 11456 --- [main] o.apache.catalina.core.StandardService   : Starting service [Tomcat]
2023-01-18T17:43:54.293+05:00  INFO 11456 --- [main] o.apache.catalina.core.StandardEngine    : Starting Servlet engine: [Apache Tomcat/10.1.4]
2023-01-18T17:43:54.395+05:00  INFO 11456 --- [main] o.a.c.c.C.[Tomcat].[localhost].[/]       : Initializing Spring embedded WebApplicationContext
2023-01-18T17:43:54.396+05:00  INFO 11456 --- [main] w.s.c.ServletWebServerApplicationContext : Root WebApplicationContext: initialization completed in 1960 ms
2023-01-18T17:43:54.542+05:00  INFO 11456 --- [main] o.hibernate.jpa.internal.util.LogHelper  : HHH000204: Processing PersistenceUnitInfo [name: default]
2023-01-18T17:43:54.600+05:00  INFO 11456 --- [main] org.hibernate.Version                    : HHH000412: Hibernate ORM core version 6.1.6.Final
2023-01-18T17:43:54.743+05:00  WARN 11456 --- [main] org.hibernate.orm.deprecation            : HHH90000021: Encountered deprecated setting [javax.persistence.sharedCache.mode], use [jakarta.persistence.sharedCache.mode] instead
2023-01-18T17:43:54.892+05:00  INFO 11456 --- [main] com.zaxxer.hikari.HikariDataSource       : HikariPool-1 - Starting...
2023-01-18T17:43:55.139+05:00  INFO 11456 --- [main] com.zaxxer.hikari.pool.HikariPool        : HikariPool-1 - Added connection org.postgresql.jdbc.PgConnection@4b508371
2023-01-18T17:43:55.141+05:00  INFO 11456 --- [main] com.zaxxer.hikari.HikariDataSource       : HikariPool-1 - Start completed.
2023-01-18T17:43:55.190+05:00  INFO 11456 --- [main] SQL dialect                              : HHH000400: Using dialect: org.hibernate.dialect.PostgreSQLDialect
2023-01-18T17:43:56.454+05:00  INFO 11456 --- [main] o.h.e.t.j.p.i.JtaPlatformInitiator       : HHH000490: Using JtaPlatform implementation: [org.hibernate.engine.transaction.jta.platform.internal.NoJtaPlatform]
2023-01-18T17:43:56.462+05:00  INFO 11456 --- [main] j.LocalContainerEntityManagerFactoryBean : Initialized JPA EntityManagerFactory for persistence unit 'default'
2023-01-18T17:43:56.835+05:00 DEBUG 11456 --- [main] com.example.config.JwtFilter             : Filter 'jwtFilter' configured for use
2023-01-18T17:43:57.809+05:00  WARN 11456 --- [main] JpaBaseConfiguration$JpaWebConfiguration : spring.jpa.open-in-view is enabled by default. Therefore, database queries may be performed during view rendering. Explicitly configure spring.jpa.open-in-view to disable this warning
2023-01-18T17:43:58.720+05:00  INFO 11456 --- [main] o.s.s.web.DefaultSecurityFilterChain     : Will secure any request with [org.springframework.security.web.session.DisableEncodeUrlFilter@48064a5a, org.springframework.security.web.context.request.async.WebAsyncManagerIntegrationFilter@7d018c58, org.springframework.security.web.context.SecurityContextHolderFilter@183e64a8, org.springframework.security.web.header.HeaderWriterFilter@3599b7e8, org.springframework.security.web.authentication.logout.LogoutFilter@1fa8a4f7, com.example.config.JwtFilter@18d14de3, org.springframework.security.web.savedrequest.RequestCacheAwareFilter@4b8466c2, org.springframework.security.web.servletapi.SecurityContextHolderAwareRequestFilter@2044f708, org.springframework.security.web.authentication.AnonymousAuthenticationFilter@6a2b6031, org.springframework.security.web.session.SessionManagementFilter@50f65fe0, org.springframework.security.web.access.ExceptionTranslationFilter@40874f54, org.springframework.security.web.access.intercept.AuthorizationFilter@5d1d05ff]
2023-01-18T17:43:59.157+05:00  INFO 11456 --- [main] o.s.b.w.embedded.tomcat.TomcatWebServer  : Tomcat started on port(s): 8080 (http) with context path ''
2023-01-18T17:43:59.175+05:00  INFO 11456 --- [main] com.example.DoniyorShifoApplication      : Started DoniyorShifoApplication in 7.606 seconds (process running for 8.472)
2023-01-18T17:44:06.595+05:00  INFO 11456 --- [http-nio-8080-exec-1] o.a.c.c.C.[Tomcat].[localhost].[/]       : Initializing Spring DispatcherServlet 'dispatcherServlet'
2023-01-18T17:44:06.595+05:00  INFO 11456 --- [http-nio-8080-exec-1] o.s.web.servlet.DispatcherServlet        : Initializing Servlet 'dispatcherServlet'
2023-01-18T17:44:06.597+05:00  INFO 11456 --- [http-nio-8080-exec-1] o.s.web.servlet.DispatcherServlet        : Completed initialization in 2 ms
2023-01-18T17:44:27.122+05:00  INFO 11456 --- [SpringApplicationShutdownHook] j.LocalContainerEntityManagerFactoryBean : Closing JPA EntityManagerFactory for persistence unit 'default'
2023-01-18T17:44:27.124+05:00  INFO 11456 --- [SpringApplicationShutdownHook] com.zaxxer.hikari.HikariDataSource       : HikariPool-1 - Shutdown initiated...
2023-01-18T17:44:27.140+05:00  INFO 11456 --- [SpringApplicationShutdownHook] com.zaxxer.hikari.HikariDataSource       : HikariPool-1 - Shutdown completed.
2023-01-18T17:44:32.956+05:00  INFO 11673 --- [main] com.example.DoniyorShifoApplication      : Starting DoniyorShifoApplication using Java 17.0.5 with PID 11673 (/home/javaDev/IdeaProjects/DoniyorShifo/target/classes started by javaDev in /home/javaDev/IdeaProjects/DoniyorShifo)
2023-01-18T17:44:32.977+05:00 DEBUG 11673 --- [main] com.example.DoniyorShifoApplication      : Running with Spring Boot v3.0.1, Spring v6.0.3
2023-01-18T17:44:32.979+05:00  INFO 11673 --- [main] com.example.DoniyorShifoApplication      : No active profile set, falling back to 1 default profile: "default"
2023-01-18T17:44:35.036+05:00  INFO 11673 --- [main] .s.d.r.c.RepositoryConfigurationDelegate : Bootstrapping Spring Data JPA repositories in DEFAULT mode.
2023-01-18T17:44:35.141+05:00  INFO 11673 --- [main] .s.d.r.c.RepositoryConfigurationDelegate : Finished Spring Data repository scanning in 95 ms. Found 11 JPA repository interfaces.
2023-01-18T17:44:36.066+05:00  INFO 11673 --- [main] o.s.b.w.embedded.tomcat.TomcatWebServer  : Tomcat initialized with port(s): 8080 (http)
2023-01-18T17:44:36.079+05:00  INFO 11673 --- [main] o.apache.catalina.core.StandardService   : Starting service [Tomcat]
2023-01-18T17:44:36.080+05:00  INFO 11673 --- [main] o.apache.catalina.core.StandardEngine    : Starting Servlet engine: [Apache Tomcat/10.1.4]
2023-01-18T17:44:36.178+05:00  INFO 11673 --- [main] o.a.c.c.C.[Tomcat].[localhost].[/]       : Initializing Spring embedded WebApplicationContext
2023-01-18T17:44:36.179+05:00  INFO 11673 --- [main] w.s.c.ServletWebServerApplicationContext : Root WebApplicationContext: initialization completed in 3133 ms
2023-01-18T17:44:36.340+05:00  INFO 11673 --- [main] o.hibernate.jpa.internal.util.LogHelper  : HHH000204: Processing PersistenceUnitInfo [name: default]
2023-01-18T17:44:36.404+05:00  INFO 11673 --- [main] org.hibernate.Version                    : HHH000412: Hibernate ORM core version 6.1.6.Final
2023-01-18T17:44:36.601+05:00  WARN 11673 --- [main] org.hibernate.orm.deprecation            : HHH90000021: Encountered deprecated setting [javax.persistence.sharedCache.mode], use [jakarta.persistence.sharedCache.mode] instead
2023-01-18T17:44:36.744+05:00  INFO 11673 --- [main] com.zaxxer.hikari.HikariDataSource       : HikariPool-1 - Starting...
2023-01-18T17:44:37.052+05:00  INFO 11673 --- [main] com.zaxxer.hikari.pool.HikariPool        : HikariPool-1 - Added connection org.postgresql.jdbc.PgConnection@58aa5c94
2023-01-18T17:44:37.055+05:00  INFO 11673 --- [main] com.zaxxer.hikari.HikariDataSource       : HikariPool-1 - Start completed.
2023-01-18T17:44:37.112+05:00  INFO 11673 --- [main] SQL dialect                              : HHH000400: Using dialect: org.hibernate.dialect.PostgreSQLDialect
2023-01-18T17:44:38.543+05:00  INFO 11673 --- [main] o.h.e.t.j.p.i.JtaPlatformInitiator       : HHH000490: Using JtaPlatform implementation: [org.hibernate.engine.transaction.jta.platform.internal.NoJtaPlatform]
2023-01-18T17:44:38.552+05:00  INFO 11673 --- [main] j.LocalContainerEntityManagerFactoryBean : Initialized JPA EntityManagerFactory for persistence unit 'default'
2023-01-18T17:44:38.989+05:00 DEBUG 11673 --- [main] com.example.config.JwtFilter             : Filter 'jwtFilter' configured for use
2023-01-18T17:44:40.037+05:00  WARN 11673 --- [main] JpaBaseConfiguration$JpaWebConfiguration : spring.jpa.open-in-view is enabled by default. Therefore, database queries may be performed during view rendering. Explicitly configure spring.jpa.open-in-view to disable this warning
2023-01-18T17:44:41.077+05:00  INFO 11673 --- [main] o.s.s.web.DefaultSecurityFilterChain     : Will secure any request with [org.springframework.security.web.session.DisableEncodeUrlFilter@2e895acb, org.springframework.security.web.context.request.async.WebAsyncManagerIntegrationFilter@5d1d05ff, org.springframework.security.web.context.SecurityContextHolderFilter@67c1fc9b, org.springframework.security.web.header.HeaderWriterFilter@5c8859b4, org.springframework.security.web.authentication.logout.LogoutFilter@389fad5b, com.example.config.JwtFilter@13bf5fd, org.springframework.security.web.savedrequest.RequestCacheAwareFilter@18a538a0, org.springframework.security.web.servletapi.SecurityContextHolderAwareRequestFilter@70736b19, org.springframework.security.web.authentication.AnonymousAuthenticationFilter@5889e697, org.springframework.security.web.session.SessionManagementFilter@5dfd4fac, org.springframework.security.web.access.ExceptionTranslationFilter@665e18d5, org.springframework.security.web.access.intercept.AuthorizationFilter@3c89fdd8]
2023-01-18T17:44:41.528+05:00  INFO 11673 --- [main] o.s.b.w.embedded.tomcat.TomcatWebServer  : Tomcat started on port(s): 8080 (http) with context path ''
2023-01-18T17:44:41.543+05:00  INFO 11673 --- [main] com.example.DoniyorShifoApplication      : Started DoniyorShifoApplication in 9.307 seconds (process running for 10.145)
2023-01-18T17:44:41.891+05:00  INFO 11673 --- [http-nio-8080-exec-1] o.a.c.c.C.[Tomcat].[localhost].[/]       : Initializing Spring DispatcherServlet 'dispatcherServlet'
2023-01-18T17:44:41.891+05:00  INFO 11673 --- [http-nio-8080-exec-1] o.s.web.servlet.DispatcherServlet        : Initializing Servlet 'dispatcherServlet'
2023-01-18T17:44:41.893+05:00  INFO 11673 --- [http-nio-8080-exec-1] o.s.web.servlet.DispatcherServlet        : Completed initialization in 2 ms
2023-01-18T17:45:04.552+05:00  WARN 11673 --- [http-nio-8080-exec-4] ocalVariableTableParameterNameDiscoverer : Using deprecated '-debug' fallback for parameter name resolution. Compile the affected code with '-parameters' instead or avoid its introspection: com.example.controller.ServicesDataController
2023-01-18T17:45:04.671+05:00  WARN 11673 --- [http-nio-8080-exec-4] ocalVariableTableParameterNameDiscoverer : Using deprecated '-debug' fallback for parameter name resolution. Compile the affected code with '-parameters' instead or avoid its introspection: com.example.controller.ServicesButtonController
2023-01-18T17:45:04.683+05:00  WARN 11673 --- [http-nio-8080-exec-4] ocalVariableTableParameterNameDiscoverer : Using deprecated '-debug' fallback for parameter name resolution. Compile the affected code with '-parameters' instead or avoid its introspection: com.example.controller.ServicesController
2023-01-18T17:45:04.692+05:00  WARN 11673 --- [http-nio-8080-exec-4] ocalVariableTableParameterNameDiscoverer : Using deprecated '-debug' fallback for parameter name resolution. Compile the affected code with '-parameters' instead or avoid its introspection: com.example.controller.NewsController
2023-01-18T17:45:04.717+05:00  WARN 11673 --- [http-nio-8080-exec-4] ocalVariableTableParameterNameDiscoverer : Using deprecated '-debug' fallback for parameter name resolution. Compile the affected code with '-parameters' instead or avoid its introspection: com.example.controller.DoctorTashkentController
2023-01-18T17:45:04.739+05:00  WARN 11673 --- [http-nio-8080-exec-4] ocalVariableTableParameterNameDiscoverer : Using deprecated '-debug' fallback for parameter name resolution. Compile the affected code with '-parameters' instead or avoid its introspection: com.example.controller.DoctorSirdaryaController
2023-01-18T17:45:04.752+05:00  WARN 11673 --- [http-nio-8080-exec-4] ocalVariableTableParameterNameDiscoverer : Using deprecated '-debug' fallback for parameter name resolution. Compile the affected code with '-parameters' instead or avoid its introspection: com.example.controller.AuthController
2023-01-18T17:45:04.805+05:00  WARN 11673 --- [http-nio-8080-exec-4] ocalVariableTableParameterNameDiscoverer : Using deprecated '-debug' fallback for parameter name resolution. Compile the affected code with '-parameters' instead or avoid its introspection: com.example.controller.ResumeController
2023-01-18T17:45:04.823+05:00  WARN 11673 --- [http-nio-8080-exec-4] ocalVariableTableParameterNameDiscoverer : Using deprecated '-debug' fallback for parameter name resolution. Compile the affected code with '-parameters' instead or avoid its introspection: com.example.controller.PatientController
2023-01-18T17:45:04.883+05:00  WARN 11673 --- [http-nio-8080-exec-4] ocalVariableTableParameterNameDiscoverer : Using deprecated '-debug' fallback for parameter name resolution. Compile the affected code with '-parameters' instead or avoid its introspection: com.example.controller.AttachController
2023-01-18T17:45:04.887+05:00  WARN 11673 --- [http-nio-8080-exec-4] ocalVariableTableParameterNameDiscoverer : Using deprecated '-debug' fallback for parameter name resolution. Compile the affected code with '-parameters' instead or avoid its introspection: com.example.controller.TestController
2023-01-18T17:45:04.967+05:00  INFO 11673 --- [http-nio-8080-exec-4] o.springdoc.api.AbstractOpenApiResource  : Init duration for springdoc-openapi is: 479 ms
2023-01-18T17:46:50.461+05:00  INFO 11673 --- [SpringApplicationShutdownHook] j.LocalContainerEntityManagerFactoryBean : Closing JPA EntityManagerFactory for persistence unit 'default'
2023-01-18T17:46:50.464+05:00  INFO 11673 --- [SpringApplicationShutdownHook] com.zaxxer.hikari.HikariDataSource       : HikariPool-1 - Shutdown initiated...
2023-01-18T17:46:50.482+05:00  INFO 11673 --- [SpringApplicationShutdownHook] com.zaxxer.hikari.HikariDataSource       : HikariPool-1 - Shutdown completed.
2023-01-18T17:46:56.400+05:00  INFO 12184 --- [main] com.example.DoniyorShifoApplication      : Starting DoniyorShifoApplication using Java 17.0.5 with PID 12184 (/home/javaDev/IdeaProjects/DoniyorShifo/target/classes started by javaDev in /home/javaDev/IdeaProjects/DoniyorShifo)
2023-01-18T17:46:56.424+05:00 DEBUG 12184 --- [main] com.example.DoniyorShifoApplication      : Running with Spring Boot v3.0.1, Spring v6.0.3
2023-01-18T17:46:56.426+05:00  INFO 12184 --- [main] com.example.DoniyorShifoApplication      : No active profile set, falling back to 1 default profile: "default"
2023-01-18T17:46:57.592+05:00  INFO 12184 --- [main] .s.d.r.c.RepositoryConfigurationDelegate : Bootstrapping Spring Data JPA repositories in DEFAULT mode.
2023-01-18T17:46:57.687+05:00  INFO 12184 --- [main] .s.d.r.c.RepositoryConfigurationDelegate : Finished Spring Data repository scanning in 87 ms. Found 11 JPA repository interfaces.
2023-01-18T17:46:58.343+05:00  INFO 12184 --- [main] o.s.b.w.embedded.tomcat.TomcatWebServer  : Tomcat initialized with port(s): 8080 (http)
2023-01-18T17:46:58.353+05:00  INFO 12184 --- [main] o.apache.catalina.core.StandardService   : Starting service [Tomcat]
2023-01-18T17:46:58.353+05:00  INFO 12184 --- [main] o.apache.catalina.core.StandardEngine    : Starting Servlet engine: [Apache Tomcat/10.1.4]
2023-01-18T17:46:58.437+05:00  INFO 12184 --- [main] o.a.c.c.C.[Tomcat].[localhost].[/]       : Initializing Spring embedded WebApplicationContext
2023-01-18T17:46:58.438+05:00  INFO 12184 --- [main] w.s.c.ServletWebServerApplicationContext : Root WebApplicationContext: initialization completed in 1941 ms
2023-01-18T17:46:58.615+05:00  INFO 12184 --- [main] o.hibernate.jpa.internal.util.LogHelper  : HHH000204: Processing PersistenceUnitInfo [name: default]
2023-01-18T17:46:58.659+05:00  INFO 12184 --- [main] org.hibernate.Version                    : HHH000412: Hibernate ORM core version 6.1.6.Final
2023-01-18T17:46:58.806+05:00  WARN 12184 --- [main] org.hibernate.orm.deprecation            : HHH90000021: Encountered deprecated setting [javax.persistence.sharedCache.mode], use [jakarta.persistence.sharedCache.mode] instead
2023-01-18T17:46:58.943+05:00  INFO 12184 --- [main] com.zaxxer.hikari.HikariDataSource       : HikariPool-1 - Starting...
2023-01-18T17:46:59.187+05:00  INFO 12184 --- [main] com.zaxxer.hikari.pool.HikariPool        : HikariPool-1 - Added connection org.postgresql.jdbc.PgConnection@8bc0696
2023-01-18T17:46:59.189+05:00  INFO 12184 --- [main] com.zaxxer.hikari.HikariDataSource       : HikariPool-1 - Start completed.
2023-01-18T17:46:59.234+05:00  INFO 12184 --- [main] SQL dialect                              : HHH000400: Using dialect: org.hibernate.dialect.PostgreSQLDialect
2023-01-18T17:47:00.506+05:00  INFO 12184 --- [main] o.h.e.t.j.p.i.JtaPlatformInitiator       : HHH000490: Using JtaPlatform implementation: [org.hibernate.engine.transaction.jta.platform.internal.NoJtaPlatform]
2023-01-18T17:47:00.516+05:00  INFO 12184 --- [main] j.LocalContainerEntityManagerFactoryBean : Initialized JPA EntityManagerFactory for persistence unit 'default'
2023-01-18T17:47:00.945+05:00 DEBUG 12184 --- [main] com.example.config.JwtFilter             : Filter 'jwtFilter' configured for use
2023-01-18T17:47:01.958+05:00  WARN 12184 --- [main] JpaBaseConfiguration$JpaWebConfiguration : spring.jpa.open-in-view is enabled by default. Therefore, database queries may be performed during view rendering. Explicitly configure spring.jpa.open-in-view to disable this warning
2023-01-18T17:47:03.231+05:00  INFO 12184 --- [main] o.s.s.web.DefaultSecurityFilterChain     : Will secure any request with [org.springframework.security.web.session.DisableEncodeUrlFilter@2e4262d2, org.springframework.security.web.context.request.async.WebAsyncManagerIntegrationFilter@546ca9da, org.springframework.security.web.context.SecurityContextHolderFilter@2044f708, org.springframework.security.web.header.HeaderWriterFilter@696a6506, org.springframework.security.web.authentication.logout.LogoutFilter@3c89fdd8, com.example.config.JwtFilter@f6e3b67, org.springframework.security.web.savedrequest.RequestCacheAwareFilter@18bab95b, org.springframework.security.web.servletapi.SecurityContextHolderAwareRequestFilter@70e07ef8, org.springframework.security.web.authentication.AnonymousAuthenticationFilter@257e8c43, org.springframework.security.web.session.SessionManagementFilter@183e64a8, org.springframework.security.web.access.ExceptionTranslationFilter@2862bac6, org.springframework.security.web.access.intercept.AuthorizationFilter@48064a5a]
2023-01-18T17:47:03.664+05:00  INFO 12184 --- [main] o.s.b.w.embedded.tomcat.TomcatWebServer  : Tomcat started on port(s): 8080 (http) with context path ''
2023-01-18T17:47:03.680+05:00  INFO 12184 --- [main] com.example.DoniyorShifoApplication      : Started DoniyorShifoApplication in 8.052 seconds (process running for 8.836)
2023-01-18T17:47:04.560+05:00  INFO 12184 --- [http-nio-8080-exec-1] o.a.c.c.C.[Tomcat].[localhost].[/]       : Initializing Spring DispatcherServlet 'dispatcherServlet'
2023-01-18T17:47:04.560+05:00  INFO 12184 --- [http-nio-8080-exec-1] o.s.web.servlet.DispatcherServlet        : Initializing Servlet 'dispatcherServlet'
2023-01-18T17:47:04.562+05:00  INFO 12184 --- [http-nio-8080-exec-1] o.s.web.servlet.DispatcherServlet        : Completed initialization in 1 ms
2023-01-18T17:49:39.619+05:00  INFO 12184 --- [SpringApplicationShutdownHook] j.LocalContainerEntityManagerFactoryBean : Closing JPA EntityManagerFactory for persistence unit 'default'
2023-01-18T17:49:39.621+05:00  INFO 12184 --- [SpringApplicationShutdownHook] com.zaxxer.hikari.HikariDataSource       : HikariPool-1 - Shutdown initiated...
2023-01-18T17:49:39.645+05:00  INFO 12184 --- [SpringApplicationShutdownHook] com.zaxxer.hikari.HikariDataSource       : HikariPool-1 - Shutdown completed.
2023-01-18T17:49:45.524+05:00  INFO 12622 --- [main] com.example.DoniyorShifoApplication      : Starting DoniyorShifoApplication using Java 17.0.5 with PID 12622 (/home/javaDev/IdeaProjects/DoniyorShifo/target/classes started by javaDev in /home/javaDev/IdeaProjects/DoniyorShifo)
2023-01-18T17:49:45.547+05:00 DEBUG 12622 --- [main] com.example.DoniyorShifoApplication      : Running with Spring Boot v3.0.1, Spring v6.0.3
2023-01-18T17:49:45.549+05:00  INFO 12622 --- [main] com.example.DoniyorShifoApplication      : No active profile set, falling back to 1 default profile: "default"
2023-01-18T17:49:46.996+05:00  INFO 12622 --- [main] .s.d.r.c.RepositoryConfigurationDelegate : Bootstrapping Spring Data JPA repositories in DEFAULT mode.
2023-01-18T17:49:47.094+05:00  INFO 12622 --- [main] .s.d.r.c.RepositoryConfigurationDelegate : Finished Spring Data repository scanning in 90 ms. Found 11 JPA repository interfaces.
2023-01-18T17:49:47.807+05:00  INFO 12622 --- [main] o.s.b.w.embedded.tomcat.TomcatWebServer  : Tomcat initialized with port(s): 8080 (http)
2023-01-18T17:49:47.817+05:00  INFO 12622 --- [main] o.apache.catalina.core.StandardService   : Starting service [Tomcat]
2023-01-18T17:49:47.818+05:00  INFO 12622 --- [main] o.apache.catalina.core.StandardEngine    : Starting Servlet engine: [Apache Tomcat/10.1.4]
2023-01-18T17:49:47.910+05:00  INFO 12622 --- [main] o.a.c.c.C.[Tomcat].[localhost].[/]       : Initializing Spring embedded WebApplicationContext
2023-01-18T17:49:47.911+05:00  INFO 12622 --- [main] w.s.c.ServletWebServerApplicationContext : Root WebApplicationContext: initialization completed in 2258 ms
2023-01-18T17:49:48.089+05:00  INFO 12622 --- [main] o.hibernate.jpa.internal.util.LogHelper  : HHH000204: Processing PersistenceUnitInfo [name: default]
2023-01-18T17:49:48.147+05:00  INFO 12622 --- [main] org.hibernate.Version                    : HHH000412: Hibernate ORM core version 6.1.6.Final
2023-01-18T17:49:48.306+05:00  WARN 12622 --- [main] org.hibernate.orm.deprecation            : HHH90000021: Encountered deprecated setting [javax.persistence.sharedCache.mode], use [jakarta.persistence.sharedCache.mode] instead
2023-01-18T17:49:48.449+05:00  INFO 12622 --- [main] com.zaxxer.hikari.HikariDataSource       : HikariPool-1 - Starting...
2023-01-18T17:49:48.709+05:00  INFO 12622 --- [main] com.zaxxer.hikari.pool.HikariPool        : HikariPool-1 - Added connection org.postgresql.jdbc.PgConnection@41143873
2023-01-18T17:49:48.711+05:00  INFO 12622 --- [main] com.zaxxer.hikari.HikariDataSource       : HikariPool-1 - Start completed.
2023-01-18T17:49:48.759+05:00  INFO 12622 --- [main] SQL dialect                              : HHH000400: Using dialect: org.hibernate.dialect.PostgreSQLDialect
2023-01-18T17:49:50.123+05:00  INFO 12622 --- [main] o.h.e.t.j.p.i.JtaPlatformInitiator       : HHH000490: Using JtaPlatform implementation: [org.hibernate.engine.transaction.jta.platform.internal.NoJtaPlatform]
2023-01-18T17:49:50.134+05:00  INFO 12622 --- [main] j.LocalContainerEntityManagerFactoryBean : Initialized JPA EntityManagerFactory for persistence unit 'default'
2023-01-18T17:49:50.517+05:00 DEBUG 12622 --- [main] com.example.config.JwtFilter             : Filter 'jwtFilter' configured for use
2023-01-18T17:49:51.404+05:00  WARN 12622 --- [main] JpaBaseConfiguration$JpaWebConfiguration : spring.jpa.open-in-view is enabled by default. Therefore, database queries may be performed during view rendering. Explicitly configure spring.jpa.open-in-view to disable this warning
2023-01-18T17:49:52.854+05:00  INFO 12622 --- [main] o.s.s.web.DefaultSecurityFilterChain     : Will secure any request with [org.springframework.security.web.session.DisableEncodeUrlFilter@48064a5a, org.springframework.security.web.context.request.async.WebAsyncManagerIntegrationFilter@7d018c58, org.springframework.security.web.context.SecurityContextHolderFilter@183e64a8, org.springframework.security.web.header.HeaderWriterFilter@3599b7e8, org.springframework.security.web.authentication.logout.LogoutFilter@1fa8a4f7, com.example.config.JwtFilter@469bd719, org.springframework.security.web.savedrequest.RequestCacheAwareFilter@4b8466c2, org.springframework.security.web.servletapi.SecurityContextHolderAwareRequestFilter@2044f708, org.springframework.security.web.authentication.AnonymousAuthenticationFilter@6a2b6031, org.springframework.security.web.session.SessionManagementFilter@50f65fe0, org.springframework.security.web.access.ExceptionTranslationFilter@40874f54, org.springframework.security.web.access.intercept.AuthorizationFilter@5d1d05ff]
2023-01-18T17:49:53.690+05:00  INFO 12622 --- [main] o.s.b.w.embedded.tomcat.TomcatWebServer  : Tomcat started on port(s): 8080 (http) with context path ''
2023-01-18T17:49:53.721+05:00  INFO 12622 --- [main] com.example.DoniyorShifoApplication      : Started DoniyorShifoApplication in 9.009 seconds (process running for 9.928)
2023-01-18T17:50:23.037+05:00  INFO 12622 --- [http-nio-8080-exec-1] o.a.c.c.C.[Tomcat].[localhost].[/]       : Initializing Spring DispatcherServlet 'dispatcherServlet'
2023-01-18T17:50:23.037+05:00  INFO 12622 --- [http-nio-8080-exec-1] o.s.web.servlet.DispatcherServlet        : Initializing Servlet 'dispatcherServlet'
2023-01-18T17:50:23.039+05:00  INFO 12622 --- [http-nio-8080-exec-1] o.s.web.servlet.DispatcherServlet        : Completed initialization in 2 ms
2023-01-18T17:55:05.857+05:00  INFO 12622 --- [SpringApplicationShutdownHook] j.LocalContainerEntityManagerFactoryBean : Closing JPA EntityManagerFactory for persistence unit 'default'
2023-01-18T17:55:05.860+05:00  INFO 12622 --- [SpringApplicationShutdownHook] com.zaxxer.hikari.HikariDataSource       : HikariPool-1 - Shutdown initiated...
2023-01-18T17:55:05.880+05:00  INFO 12622 --- [SpringApplicationShutdownHook] com.zaxxer.hikari.HikariDataSource       : HikariPool-1 - Shutdown completed.
2023-01-18T17:55:12.120+05:00  INFO 13272 --- [main] com.example.DoniyorShifoApplication      : Starting DoniyorShifoApplication using Java 17.0.5 with PID 13272 (/home/javaDev/IdeaProjects/DoniyorShifo/target/classes started by javaDev in /home/javaDev/IdeaProjects/DoniyorShifo)
2023-01-18T17:55:12.144+05:00 DEBUG 13272 --- [main] com.example.DoniyorShifoApplication      : Running with Spring Boot v3.0.1, Spring v6.0.3
2023-01-18T17:55:12.146+05:00  INFO 13272 --- [main] com.example.DoniyorShifoApplication      : No active profile set, falling back to 1 default profile: "default"
2023-01-18T17:55:13.440+05:00  INFO 13272 --- [main] .s.d.r.c.RepositoryConfigurationDelegate : Bootstrapping Spring Data JPA repositories in DEFAULT mode.
2023-01-18T17:55:13.533+05:00  INFO 13272 --- [main] .s.d.r.c.RepositoryConfigurationDelegate : Finished Spring Data repository scanning in 85 ms. Found 11 JPA repository interfaces.
2023-01-18T17:55:14.197+05:00  INFO 13272 --- [main] o.s.b.w.embedded.tomcat.TomcatWebServer  : Tomcat initialized with port(s): 8080 (http)
2023-01-18T17:55:14.207+05:00  INFO 13272 --- [main] o.apache.catalina.core.StandardService   : Starting service [Tomcat]
2023-01-18T17:55:14.207+05:00  INFO 13272 --- [main] o.apache.catalina.core.StandardEngine    : Starting Servlet engine: [Apache Tomcat/10.1.4]
2023-01-18T17:55:14.302+05:00  INFO 13272 --- [main] o.a.c.c.C.[Tomcat].[localhost].[/]       : Initializing Spring embedded WebApplicationContext
2023-01-18T17:55:14.302+05:00  INFO 13272 --- [main] w.s.c.ServletWebServerApplicationContext : Root WebApplicationContext: initialization completed in 2082 ms
2023-01-18T17:55:14.453+05:00  INFO 13272 --- [main] o.hibernate.jpa.internal.util.LogHelper  : HHH000204: Processing PersistenceUnitInfo [name: default]
2023-01-18T17:55:14.499+05:00  INFO 13272 --- [main] org.hibernate.Version                    : HHH000412: Hibernate ORM core version 6.1.6.Final
2023-01-18T17:55:14.639+05:00  WARN 13272 --- [main] org.hibernate.orm.deprecation            : HHH90000021: Encountered deprecated setting [javax.persistence.sharedCache.mode], use [jakarta.persistence.sharedCache.mode] instead
2023-01-18T17:55:14.764+05:00  INFO 13272 --- [main] com.zaxxer.hikari.HikariDataSource       : HikariPool-1 - Starting...
2023-01-18T17:55:15.014+05:00  INFO 13272 --- [main] com.zaxxer.hikari.pool.HikariPool        : HikariPool-1 - Added connection org.postgresql.jdbc.PgConnection@45bd4753
2023-01-18T17:55:15.016+05:00  INFO 13272 --- [main] com.zaxxer.hikari.HikariDataSource       : HikariPool-1 - Start completed.
2023-01-18T17:55:15.061+05:00  INFO 13272 --- [main] SQL dialect                              : HHH000400: Using dialect: org.hibernate.dialect.PostgreSQLDialect
2023-01-18T17:55:16.310+05:00  INFO 13272 --- [main] o.h.e.t.j.p.i.JtaPlatformInitiator       : HHH000490: Using JtaPlatform implementation: [org.hibernate.engine.transaction.jta.platform.internal.NoJtaPlatform]
2023-01-18T17:55:16.318+05:00  INFO 13272 --- [main] j.LocalContainerEntityManagerFactoryBean : Initialized JPA EntityManagerFactory for persistence unit 'default'
2023-01-18T17:55:16.710+05:00 DEBUG 13272 --- [main] com.example.config.JwtFilter             : Filter 'jwtFilter' configured for use
2023-01-18T17:55:17.520+05:00  WARN 13272 --- [main] JpaBaseConfiguration$JpaWebConfiguration : spring.jpa.open-in-view is enabled by default. Therefore, database queries may be performed during view rendering. Explicitly configure spring.jpa.open-in-view to disable this warning
2023-01-18T17:55:18.369+05:00  INFO 13272 --- [main] o.s.s.web.DefaultSecurityFilterChain     : Will secure any request with [org.springframework.security.web.session.DisableEncodeUrlFilter@27f6e2c3, org.springframework.security.web.context.request.async.WebAsyncManagerIntegrationFilter@3c89fdd8, org.springframework.security.web.context.SecurityContextHolderFilter@69b436a7, org.springframework.security.web.header.HeaderWriterFilter@138110f8, org.springframework.security.web.authentication.logout.LogoutFilter@53a645a2, com.example.config.JwtFilter@3c65f2e1, org.springframework.security.web.savedrequest.RequestCacheAwareFilter@1d2aa638, org.springframework.security.web.servletapi.SecurityContextHolderAwareRequestFilter@2f08e6d3, org.springframework.security.web.authentication.AnonymousAuthenticationFilter@665c79a2, org.springframework.security.web.session.SessionManagementFilter@1134a934, org.springframework.security.web.access.ExceptionTranslationFilter@6a486afb, org.springframework.security.web.access.intercept.AuthorizationFilter@5a983f8a]
2023-01-18T17:55:18.754+05:00  INFO 13272 --- [main] o.s.b.w.embedded.tomcat.TomcatWebServer  : Tomcat started on port(s): 8080 (http) with context path ''
2023-01-18T17:55:18.766+05:00  INFO 13272 --- [main] com.example.DoniyorShifoApplication      : Started DoniyorShifoApplication in 7.406 seconds (process running for 8.309)
2023-01-18T17:56:13.610+05:00  INFO 13272 --- [http-nio-8080-exec-1] o.a.c.c.C.[Tomcat].[localhost].[/]       : Initializing Spring DispatcherServlet 'dispatcherServlet'
2023-01-18T17:56:13.611+05:00  INFO 13272 --- [http-nio-8080-exec-1] o.s.web.servlet.DispatcherServlet        : Initializing Servlet 'dispatcherServlet'
2023-01-18T17:56:13.613+05:00  INFO 13272 --- [http-nio-8080-exec-1] o.s.web.servlet.DispatcherServlet        : Completed initialization in 2 ms
2023-01-18T17:58:55.873+05:00  INFO 13272 --- [SpringApplicationShutdownHook] j.LocalContainerEntityManagerFactoryBean : Closing JPA EntityManagerFactory for persistence unit 'default'
2023-01-18T17:58:55.876+05:00  INFO 13272 --- [SpringApplicationShutdownHook] com.zaxxer.hikari.HikariDataSource       : HikariPool-1 - Shutdown initiated...
2023-01-18T17:58:55.893+05:00  INFO 13272 --- [SpringApplicationShutdownHook] com.zaxxer.hikari.HikariDataSource       : HikariPool-1 - Shutdown completed.
2023-01-18T17:59:02.240+05:00  INFO 13684 --- [main] com.example.DoniyorShifoApplication      : Starting DoniyorShifoApplication using Java 17.0.5 with PID 13684 (/home/javaDev/IdeaProjects/DoniyorShifo/target/classes started by javaDev in /home/javaDev/IdeaProjects/DoniyorShifo)
2023-01-18T17:59:02.264+05:00 DEBUG 13684 --- [main] com.example.DoniyorShifoApplication      : Running with Spring Boot v3.0.1, Spring v6.0.3
2023-01-18T17:59:02.265+05:00  INFO 13684 --- [main] com.example.DoniyorShifoApplication      : No active profile set, falling back to 1 default profile: "default"
2023-01-18T17:59:03.434+05:00  INFO 13684 --- [main] .s.d.r.c.RepositoryConfigurationDelegate : Bootstrapping Spring Data JPA repositories in DEFAULT mode.
2023-01-18T17:59:03.530+05:00  INFO 13684 --- [main] .s.d.r.c.RepositoryConfigurationDelegate : Finished Spring Data repository scanning in 88 ms. Found 11 JPA repository interfaces.
2023-01-18T17:59:04.193+05:00  INFO 13684 --- [main] o.s.b.w.embedded.tomcat.TomcatWebServer  : Tomcat initialized with port(s): 8080 (http)
2023-01-18T17:59:04.203+05:00  INFO 13684 --- [main] o.apache.catalina.core.StandardService   : Starting service [Tomcat]
2023-01-18T17:59:04.204+05:00  INFO 13684 --- [main] o.apache.catalina.core.StandardEngine    : Starting Servlet engine: [Apache Tomcat/10.1.4]
2023-01-18T17:59:04.290+05:00  INFO 13684 --- [main] o.a.c.c.C.[Tomcat].[localhost].[/]       : Initializing Spring embedded WebApplicationContext
2023-01-18T17:59:04.291+05:00  INFO 13684 --- [main] w.s.c.ServletWebServerApplicationContext : Root WebApplicationContext: initialization completed in 1959 ms
2023-01-18T17:59:04.443+05:00  INFO 13684 --- [main] o.hibernate.jpa.internal.util.LogHelper  : HHH000204: Processing PersistenceUnitInfo [name: default]
2023-01-18T17:59:04.494+05:00  INFO 13684 --- [main] org.hibernate.Version                    : HHH000412: Hibernate ORM core version 6.1.6.Final
2023-01-18T17:59:04.638+05:00  WARN 13684 --- [main] org.hibernate.orm.deprecation            : HHH90000021: Encountered deprecated setting [javax.persistence.sharedCache.mode], use [jakarta.persistence.sharedCache.mode] instead
2023-01-18T17:59:04.783+05:00  INFO 13684 --- [main] com.zaxxer.hikari.HikariDataSource       : HikariPool-1 - Starting...
2023-01-18T17:59:05.027+05:00  INFO 13684 --- [main] com.zaxxer.hikari.pool.HikariPool        : HikariPool-1 - Added connection org.postgresql.jdbc.PgConnection@23396fc0
2023-01-18T17:59:05.029+05:00  INFO 13684 --- [main] com.zaxxer.hikari.HikariDataSource       : HikariPool-1 - Start completed.
2023-01-18T17:59:05.074+05:00  INFO 13684 --- [main] SQL dialect                              : HHH000400: Using dialect: org.hibernate.dialect.PostgreSQLDialect
2023-01-18T17:59:06.325+05:00  INFO 13684 --- [main] o.h.e.t.j.p.i.JtaPlatformInitiator       : HHH000490: Using JtaPlatform implementation: [org.hibernate.engine.transaction.jta.platform.internal.NoJtaPlatform]
2023-01-18T17:59:06.333+05:00  INFO 13684 --- [main] j.LocalContainerEntityManagerFactoryBean : Initialized JPA EntityManagerFactory for persistence unit 'default'
2023-01-18T17:59:06.699+05:00 DEBUG 13684 --- [main] com.example.config.JwtFilter             : Filter 'jwtFilter' configured for use
2023-01-18T17:59:07.535+05:00  WARN 13684 --- [main] JpaBaseConfiguration$JpaWebConfiguration : spring.jpa.open-in-view is enabled by default. Therefore, database queries may be performed during view rendering. Explicitly configure spring.jpa.open-in-view to disable this warning
2023-01-18T17:59:08.338+05:00  INFO 13684 --- [main] o.s.s.web.DefaultSecurityFilterChain     : Will secure any request with [org.springframework.security.web.session.DisableEncodeUrlFilter@3c89fdd8, org.springframework.security.web.context.request.async.WebAsyncManagerIntegrationFilter@665c79a2, org.springframework.security.web.context.SecurityContextHolderFilter@5dfd4fac, org.springframework.security.web.header.HeaderWriterFilter@4fe8ac61, org.springframework.security.web.authentication.logout.LogoutFilter@c8d20bb, com.example.config.JwtFilter@76c85485, org.springframework.security.web.savedrequest.RequestCacheAwareFilter@2f08e6d3, org.springframework.security.web.servletapi.SecurityContextHolderAwareRequestFilter@67c1fc9b, org.springframework.security.web.authentication.AnonymousAuthenticationFilter@3e79473d, org.springframework.security.web.session.SessionManagementFilter@2cbd855e, org.springframework.security.web.access.ExceptionTranslationFilter@30623109, org.springframework.security.web.access.intercept.AuthorizationFilter@1fa8a4f7]
2023-01-18T17:59:08.718+05:00  INFO 13684 --- [main] o.s.b.w.embedded.tomcat.TomcatWebServer  : Tomcat started on port(s): 8080 (http) with context path ''
2023-01-18T17:59:08.731+05:00  INFO 13684 --- [main] com.example.DoniyorShifoApplication      : Started DoniyorShifoApplication in 7.227 seconds (process running for 8.049)
2023-01-18T18:00:19.650+05:00  INFO 13684 --- [http-nio-8080-exec-1] o.a.c.c.C.[Tomcat].[localhost].[/]       : Initializing Spring DispatcherServlet 'dispatcherServlet'
2023-01-18T18:00:19.651+05:00  INFO 13684 --- [http-nio-8080-exec-1] o.s.web.servlet.DispatcherServlet        : Initializing Servlet 'dispatcherServlet'
2023-01-18T18:00:19.652+05:00  INFO 13684 --- [http-nio-8080-exec-1] o.s.web.servlet.DispatcherServlet        : Completed initialization in 1 ms
2023-01-18T18:00:25.252+05:00  WARN 13684 --- [http-nio-8080-exec-10] ocalVariableTableParameterNameDiscoverer : Using deprecated '-debug' fallback for parameter name resolution. Compile the affected code with '-parameters' instead or avoid its introspection: com.example.controller.ServicesDataController
2023-01-18T18:00:25.406+05:00  WARN 13684 --- [http-nio-8080-exec-10] ocalVariableTableParameterNameDiscoverer : Using deprecated '-debug' fallback for parameter name resolution. Compile the affected code with '-parameters' instead or avoid its introspection: com.example.controller.ServicesButtonController
2023-01-18T18:00:25.416+05:00  WARN 13684 --- [http-nio-8080-exec-10] ocalVariableTableParameterNameDiscoverer : Using deprecated '-debug' fallback for parameter name resolution. Compile the affected code with '-parameters' instead or avoid its introspection: com.example.controller.ServicesController
2023-01-18T18:00:25.427+05:00  WARN 13684 --- [http-nio-8080-exec-10] ocalVariableTableParameterNameDiscoverer : Using deprecated '-debug' fallback for parameter name resolution. Compile the affected code with '-parameters' instead or avoid its introspection: com.example.controller.NewsController
2023-01-18T18:00:25.450+05:00  WARN 13684 --- [http-nio-8080-exec-10] ocalVariableTableParameterNameDiscoverer : Using deprecated '-debug' fallback for parameter name resolution. Compile the affected code with '-parameters' instead or avoid its introspection: com.example.controller.DoctorTashkentController
2023-01-18T18:00:25.477+05:00  WARN 13684 --- [http-nio-8080-exec-10] ocalVariableTableParameterNameDiscoverer : Using deprecated '-debug' fallback for parameter name resolution. Compile the affected code with '-parameters' instead or avoid its introspection: com.example.controller.DoctorSirdaryaController
2023-01-18T18:00:25.499+05:00  WARN 13684 --- [http-nio-8080-exec-10] ocalVariableTableParameterNameDiscoverer : Using deprecated '-debug' fallback for parameter name resolution. Compile the affected code with '-parameters' instead or avoid its introspection: com.example.controller.AuthController
2023-01-18T18:00:25.539+05:00  WARN 13684 --- [http-nio-8080-exec-10] ocalVariableTableParameterNameDiscoverer : Using deprecated '-debug' fallback for parameter name resolution. Compile the affected code with '-parameters' instead or avoid its introspection: com.example.controller.ResumeController
2023-01-18T18:00:25.552+05:00  WARN 13684 --- [http-nio-8080-exec-10] ocalVariableTableParameterNameDiscoverer : Using deprecated '-debug' fallback for parameter name resolution. Compile the affected code with '-parameters' instead or avoid its introspection: com.example.controller.PatientController
2023-01-18T18:00:25.609+05:00  WARN 13684 --- [http-nio-8080-exec-10] ocalVariableTableParameterNameDiscoverer : Using deprecated '-debug' fallback for parameter name resolution. Compile the affected code with '-parameters' instead or avoid its introspection: com.example.controller.AttachController
2023-01-18T18:00:25.614+05:00  WARN 13684 --- [http-nio-8080-exec-10] ocalVariableTableParameterNameDiscoverer : Using deprecated '-debug' fallback for parameter name resolution. Compile the affected code with '-parameters' instead or avoid its introspection: com.example.controller.TestController
2023-01-18T18:00:25.697+05:00  INFO 13684 --- [http-nio-8080-exec-10] o.springdoc.api.AbstractOpenApiResource  : Init duration for springdoc-openapi is: 517 ms
2023-01-18T18:05:27.398+05:00  INFO 13684 --- [SpringApplicationShutdownHook] j.LocalContainerEntityManagerFactoryBean : Closing JPA EntityManagerFactory for persistence unit 'default'
2023-01-18T18:05:27.400+05:00  INFO 13684 --- [SpringApplicationShutdownHook] com.zaxxer.hikari.HikariDataSource       : HikariPool-1 - Shutdown initiated...
2023-01-18T18:05:27.418+05:00  INFO 13684 --- [SpringApplicationShutdownHook] com.zaxxer.hikari.HikariDataSource       : HikariPool-1 - Shutdown completed.
